# JRE version: Java(TM) SE Runtime Environment (23.0.2+7) (build 23.0.2+7-58)
# Java VM: Java HotSpot(TM) 64-Bit Server VM (23.0.2+7-58, mixed mode, sharing, tiered, compressed oops, compressed class ptrs, g1 gc, windows-amd64)
GC Precious Log:
 CardTable entry size: 512
 Card Set container configuration: InlinePtr #cards 4 size 8 Array Of Cards #cards 32 size 80 Howl #buckets 8 coarsen threshold 7372 Howl Bitmap #cards 1024 size 144 coarsen threshold 921 Card regions per heap region 1 cards per card region 8192
 CPUs: 12 total, 12 available
 Memory: 32694M
 Large Page Support: Disabled
 NUMA Support: Disabled
 Compressed Oops: Enabled (Zero based)
 Heap Region Size: 4M
 Heap Min Capacity: 8M
 Heap Initial Capacity: 512M
 Heap Max Capacity: 8176M
 Pre-touch: Disabled
 Parallel Workers: 10
 Concurrent Workers: 3
 Concurrent Refinement Workers: 10
 Periodic GC: Disabled
Heap:
 garbage-first heap   total reserved 8372224K, committed 77824K, used 19085K [0x0000000601000000, 0x0000000800000000)
  region size 4096K, 2 young (8192K), 1 survivors (4096K)
 Metaspace       used 24146K, committed 24512K, reserved 1114112K
  class space    used 3161K, committed 3328K, reserved 1048576K
GC Heap History (10 events):
Event: 0.525 GC heap before
{Heap before GC invocations=0 (full 0):
 garbage-first heap   total reserved 8372224K, committed 524288K, used 24576K [0x0000000601000000, 0x0000000800000000)
  region size 4096K, 6 young (24576K), 0 survivors (0K)
 Metaspace       used 5908K, committed 6080K, reserved 1114112K
  class space    used 640K, committed 704K, reserved 1048576K
}
Event: 0.527 GC heap after
{Heap after GC invocations=1 (full 0):
 garbage-first heap   total reserved 8372224K, committed 524288K, used 2623K [0x0000000601000000, 0x0000000800000000)
  region size 4096K, 1 young (4096K), 1 survivors (4096K)
 Metaspace       used 5908K, committed 6080K, reserved 1114112K
  class space    used 640K, committed 704K, reserved 1048576K
}
Event: 0.845 GC heap before
{Heap before GC invocations=1 (full 0):
 garbage-first heap   total reserved 8372224K, committed 524288K, used 27199K [0x0000000601000000, 0x0000000800000000)
  region size 4096K, 7 young (28672K), 1 survivors (4096K)
 Metaspace       used 10376K, committed 10688K, reserved 1114112K
  class space    used 1192K, committed 1344K, reserved 1048576K
}
Event: 0.847 GC heap after
{Heap after GC invocations=2 (full 0):
 garbage-first heap   total reserved 8372224K, committed 524288K, used 5441K [0x0000000601000000, 0x0000000800000000)
  region size 4096K, 1 young (4096K), 1 survivors (4096K)
 Metaspace       used 10376K, committed 10688K, reserved 1114112K
  class space    used 1192K, committed 1344K, reserved 1048576K
}
Event: 1.877 GC heap before
{Heap before GC invocations=2 (full 0):
 garbage-first heap   total reserved 8372224K, committed 524288K, used 54593K [0x0000000601000000, 0x0000000800000000)
  region size 4096K, 15 young (61440K), 1 survivors (4096K)
 Metaspace       used 21170K, committed 21504K, reserved 1114112K
  class space    used 2812K, committed 2944K, reserved 1048576K
}
Event: 1.880 GC heap after
{Heap after GC invocations=3 (full 0):
 garbage-first heap   total reserved 8372224K, committed 524288K, used 12312K [0x0000000601000000, 0x0000000800000000)
  region size 4096K, 3 young (12288K), 3 survivors (12288K)
 Metaspace       used 21170K, committed 21504K, reserved 1114112K
  class space    used 2812K, committed 2944K, reserved 1048576K
}
Event: 2.970 GC heap before
{Heap before GC invocations=4 (full 0):
 garbage-first heap   total reserved 8372224K, committed 57344K, used 53272K [0x0000000601000000, 0x0000000800000000)
  region size 4096K, 13 young (53248K), 3 survivors (12288K)
 Metaspace       used 23284K, committed 23680K, reserved 1114112K
  class space    used 3115K, committed 3264K, reserved 1048576K
}
Event: 2.973 GC heap after
{Heap after GC invocations=5 (full 0):
 garbage-first heap   total reserved 8372224K, committed 77824K, used 17969K [0x0000000601000000, 0x0000000800000000)
  region size 4096K, 2 young (8192K), 2 survivors (8192K)
 Metaspace       used 23284K, committed 23680K, reserved 1114112K
  class space    used 3115K, committed 3264K, reserved 1048576K
}
Event: 39.086 GC heap before
{Heap before GC invocations=5 (full 0):
 garbage-first heap   total reserved 8372224K, committed 77824K, used 50737K [0x0000000601000000, 0x0000000800000000)
  region size 4096K, 10 young (40960K), 2 survivors (8192K)
 Metaspace       used 24083K, committed 24512K, reserved 1114112K
  class space    used 3157K, committed 3328K, reserved 1048576K
}
Event: 39.088 GC heap after
{Heap after GC invocations=6 (full 0):
 garbage-first heap   total reserved 8372224K, committed 77824K, used 19085K [0x0000000601000000, 0x0000000800000000)
  region size 4096K, 1 young (4096K), 1 survivors (4096K)
 Metaspace       used 24083K, committed 24512K, reserved 1114112K
  class space    used 3157K, committed 3328K, reserved 1048576K
}

